1682789968909	geckodriver	INFO	Listening on 127.0.0.1:51209
1682789971908	mozrunner::runner	INFO	Running command: "C:\\Program Files\\Firefox Developer Edition\\firefox.exe" "--marionette" "--no-sandbox" "--disable-dev-shm ... " "--remote-allow-hosts" "localhost" "-no-remote" "-profile" "C:\\Users\\arafat\\AppData\\Local\\Temp\\rust_mozprofileDEJLTk"
1682789972300	geckodriver	INFO	Listening on 127.0.0.1:51221
1682789975305	mozrunner::runner	INFO	Running command: "C:\\Program Files\\Firefox Developer Edition\\firefox.exe" "--marionette" "--no-sandbox" "--disable-dev-shm ... " "--remote-allow-hosts" "localhost" "-no-remote" "-profile" "C:\\Users\\arafat\\AppData\\Local\\Temp\\rust_mozprofileIX7qpX"
console.warn: services.settings: Ignoring preference override of remote settings server
console.warn: services.settings: Allow by setting MOZ_REMOTE_SETTINGS_DEVTOOLS=1 in the environment
1682789975711	Marionette	INFO	Marionette enabled
Dynamically enable window occlusion 0
1682789975716	Marionette	INFO	Listening on port 51239
Read port: 51239
console.error: "Warning: unrecognized command line flag -no-sandbox\n"
console.error: "Warning: unrecognized command line flag -ignore-certificate-errors\n"
console.error: "Warning: unrecognized command line flag -log-level\n"
console.error: "Warning: unrecognized command line flag -disable-notifications\n"
WebDriver BiDi listening on ws://127.0.0.1:51222
1682789975850	RemoteAgent	WARN	TLS certificate errors will be ignored for this session
[ERROR glean_core] Error setting metrics feature config: Json(Error("EOF while parsing a value", line: 1, column: 0))
DevTools listening on ws://127.0.0.1:51222/devtools/browser/eb1b4553-39db-42d5-adf9-8b617715175e
JavaScript warning: https://static.xx.fbcdn.net/rsrc.php/v3iiWp4/yC/l/en_GB/5_mU-e4W6ns.js?_nc_x=Ij3Wp8lg5Kz, line 112: WEBGL_debug_renderer_info is deprecated in Firefox and will be removed. Please use RENDERER.
1682790047365	Marionette	INFO	Stopped listening on port 51239
[Child 8164, Main Thread] WARNING: JSWindowActorChild::SendRawMessage (Conduits, ConduitClosed) not sent: !CanSend() || !mManager || !mManager->CanSend(): file /builds/worker/checkouts/gecko/dom/ipc/jsactor/JSWindowActorChild.cpp:57
[Child 8164, Main Thread] WARNING: JSWindowActorChild::SendRawMessage (Conduits, ConduitClosed) not sent: !CanSend() || !mManager || !mManager->CanSend(): file /builds/worker/checkouts/gecko/dom/ipc/jsactor/JSWindowActorChild.cpp:57
[Child 8164, Main Thread] WARNING: JSWindowActorChild::SendRawMessage (Conduits, ConduitClosed) not sent: !CanSend() || !mManager || !mManager->CanSend(): file /builds/worker/checkouts/gecko/dom/ipc/jsactor/JSWindowActorChild.cpp:57
[Child 8164, Main Thread] WARNING: JSWindowActorChild::SendRawMessage (Conduits, ConduitClosed) not sent: !CanSend() || !mManager || !mManager->CanSend(): file /builds/worker/checkouts/gecko/dom/ipc/jsactor/JSWindowActorChild.cpp:57
[Child 8164, Main Thread] WARNING: JSWindowActorChild::SendRawMessage (Conduits, ConduitClosed) not sent: !CanSend() || !mManager || !mManager->CanSend(): file /builds/worker/checkouts/gecko/dom/ipc/jsactor/JSWindowActorChild.cpp:57
[Child 8164, Main Thread] WARNING: JSWindowActorChild::SendRawMessage (Conduits, ConduitClosed) not sent: !CanSend() || !mManager || !mManager->CanSend(): file /builds/worker/checkouts/gecko/dom/ipc/jsactor/JSWindowActorChild.cpp:57
[Child 8164, Main Thread] WARNING: JSWindowActorChild::SendRawMessage (Conduits, ConduitClosed) not sent: !CanSend() || !mManager || !mManager->CanSend(): file /builds/worker/checkouts/gecko/dom/ipc/jsactor/JSWindowActorChild.cpp:57
[Child 8164, Main Thread] WARNING: JSWindowActorChild::SendRawMessage (Conduits, ConduitClosed) not sent: !CanSend() || !mManager || !mManager->CanSend(): file /builds/worker/checkouts/gecko/dom/ipc/jsactor/JSWindowActorChild.cpp:57
[Child 8164, Main Thread] WARNING: JSWindowActorChild::SendRawMessage (Conduits, ConduitClosed) not sent: !CanSend() || !mManager || !mManager->CanSend(): file /builds/worker/checkouts/gecko/dom/ipc/jsactor/JSWindowActorChild.cpp:57
Dynamically enable window occlusion 1
JavaScript error: https://static.xx.fbcdn.net/rsrc.php/v3id4w4/yS/l/en_GB/gcPEaKlI0jY.js?_nc_x=Ij3Wp8lg5Kz, line 426: TypeError: can't access dead object
