1682790050329	geckodriver	INFO	Listening on 127.0.0.1:51341
1682790053339	mozrunner::runner	INFO	Running command: "C:\\Program Files\\Firefox Developer Edition\\firefox.exe" "--marionette" "--no-sandbox" "--disable-dev-shm ... " "--remote-allow-hosts" "localhost" "-no-remote" "-profile" "C:\\Users\\arafat\\AppData\\Local\\Temp\\rust_mozprofileo4eGsx"
console.warn: services.settings: Ignoring preference override of remote settings server
console.warn: services.settings: Allow by setting MOZ_REMOTE_SETTINGS_DEVTOOLS=1 in the environment
1682790053615	Marionette	INFO	Marionette enabled
Dynamically enable window occlusion 0
1682790053619	Marionette	INFO	Listening on port 51349
Read port: 51349
console.error: "Warning: unrecognized command line flag -no-sandbox\n"
console.error: "Warning: unrecognized command line flag -ignore-certificate-errors\n"
console.error: "Warning: unrecognized command line flag -log-level\n"
console.error: "Warning: unrecognized command line flag -disable-notifications\n"
WebDriver BiDi listening on ws://127.0.0.1:51342
1682790053716	RemoteAgent	WARN	TLS certificate errors will be ignored for this session
[ERROR glean_core] Error setting metrics feature config: Json(Error("EOF while parsing a value", line: 1, column: 0))
DevTools listening on ws://127.0.0.1:51342/devtools/browser/55a10092-cbe5-4df7-9033-71ab5b0c145b
JavaScript warning: https://static.xx.fbcdn.net/rsrc.php/v3iiWp4/yC/l/en_GB/5_mU-e4W6ns.js?_nc_x=Ij3Wp8lg5Kz, line 112: WEBGL_debug_renderer_info is deprecated in Firefox and will be removed. Please use RENDERER.
1682790073108	Marionette	INFO	Stopped listening on port 51349
[Child 3848, Main Thread] WARNING: JSWindowActorChild::SendRawMessage (Conduits, ConduitClosed) not sent: !CanSend() || !mManager || !mManager->CanSend(): file /builds/worker/checkouts/gecko/dom/ipc/jsactor/JSWindowActorChild.cpp:57
[Child 3848, Main Thread] WARNING: JSWindowActorChild::SendRawMessage (Conduits, ConduitClosed) not sent: !CanSend() || !mManager || !mManager->CanSend(): file /builds/worker/checkouts/gecko/dom/ipc/jsactor/JSWindowActorChild.cpp:57
[Child 3848, Main Thread] WARNING: JSWindowActorChild::SendRawMessage (Conduits, ConduitClosed) not sent: !CanSend() || !mManager || !mManager->CanSend(): file /builds/worker/checkouts/gecko/dom/ipc/jsactor/JSWindowActorChild.cpp:57
[Child 3848, Main Thread] WARNING: JSWindowActorChild::SendRawMessage (Conduits, ConduitClosed) not sent: !CanSend() || !mManager || !mManager->CanSend(): file /builds/worker/checkouts/gecko/dom/ipc/jsactor/JSWindowActorChild.cpp:57
[Child 3848, Main Thread] WARNING: JSWindowActorChild::SendRawMessage (Conduits, ConduitClosed) not sent: !CanSend() || !mManager || !mManager->CanSend(): file /builds/worker/checkouts/gecko/dom/ipc/jsactor/JSWindowActorChild.cpp:57
[Child 3848, Main Thread] WARNING: JSWindowActorChild::SendRawMessage (Conduits, ConduitClosed) not sent: !CanSend() || !mManager || !mManager->CanSend(): file /builds/worker/checkouts/gecko/dom/ipc/jsactor/JSWindowActorChild.cpp:57
[Child 3848, Main Thread] WARNING: JSWindowActorChild::SendRawMessage (Conduits, ConduitClosed) not sent: !CanSend() || !mManager || !mManager->CanSend(): file /builds/worker/checkouts/gecko/dom/ipc/jsactor/JSWindowActorChild.cpp:57
[Child 3848, Main Thread] WARNING: JSWindowActorChild::SendRawMessage (Conduits, ConduitClosed) not sent: !CanSend() || !mManager || !mManager->CanSend(): file /builds/worker/checkouts/gecko/dom/ipc/jsactor/JSWindowActorChild.cpp:57
[Child 3848, Main Thread] WARNING: JSWindowActorChild::SendRawMessage (Conduits, ConduitClosed) not sent: !CanSend() || !mManager || !mManager->CanSend(): file /builds/worker/checkouts/gecko/dom/ipc/jsactor/JSWindowActorChild.cpp:57
Dynamically enable window occlusion 1
JavaScript error: https://static.xx.fbcdn.net/rsrc.php/v3id4w4/yS/l/en_GB/gcPEaKlI0jY.js?_nc_x=Ij3Wp8lg5Kz, line 426: TypeError: can't access dead object
WARNING: A blocker encountered an error while we were waiting.
          Blocker:  Waiting for ping task
          Phase: TelemetryController: Waiting for pending ping activity
          State: (none)
WARNING: Error: Phase "profile-before-change" is finished, it is too late to register completion condition "OS.File: flush I/O queued before profileBeforeChange"
WARNING: addBlocker@resource://gre/modules/AsyncShutdown.sys.mjs:727:15
addBlocker@resource://gre/modules/AsyncShutdown.sys.mjs:523:26
addBlocker@resource://gre/modules/AsyncShutdown.sys.mjs:458:15
setupShutdown@resource://gre/modules/osfile/osfile_async_front.jsm:1548:28
@resource://gre/modules/osfile/osfile_async_front.jsm:1568:16
@resource://gre/modules/osfile.jsm:12:30
@resource://gre/modules/TelemetryStorage.sys.mjs:10:28
_checkPendingPings@resource://gre/modules/TelemetrySend.sys.mjs:859:17
setup@resource://gre/modules/TelemetrySend.sys.mjs:799:18
setup@resource://gre/modules/TelemetrySend.sys.mjs:237:30
setupTelemetry/this._delayedInitTask<@resource://gre/modules/TelemetryControllerParent.sys.mjs:824:36
observe@resource://gre/modules/AsyncShutdown.sys.mjs:576:16

console.error: "TelemetryScheduler.shutdown - Already shut down"
WARNING: A blocker encountered an error while we were waiting.
          Blocker:  Waiting for ping task
          Phase: TelemetryController: Waiting for pending ping activity
          State: (none)
WARNING: Error: Phase "profile-before-change" is finished, it is too late to register completion condition "OS.File: flush I/O queued before profileBeforeChange"
WARNING: addBlocker@resource://gre/modules/AsyncShutdown.sys.mjs:727:15
addBlocker@resource://gre/modules/AsyncShutdown.sys.mjs:523:26
addBlocker@resource://gre/modules/AsyncShutdown.sys.mjs:458:15
setupShutdown@resource://gre/modules/osfile/osfile_async_front.jsm:1548:28
@resource://gre/modules/osfile/osfile_async_front.jsm:1568:16
@resource://gre/modules/osfile.jsm:12:30
@resource://gre/modules/TelemetryStorage.sys.mjs:10:28
_checkPendingPings@resource://gre/modules/TelemetrySend.sys.mjs:859:17
setup@resource://gre/modules/TelemetrySend.sys.mjs:799:18
setup@resource://gre/modules/TelemetrySend.sys.mjs:237:30
setupTelemetry/this._delayedInitTask<@resource://gre/modules/TelemetryControllerParent.sys.mjs:824:36
observe@resource://gre/modules/AsyncShutdown.sys.mjs:576:16

WARNING: A blocker encountered an error while we were waiting.
          Blocker:  Waiting for ping task
          Phase: TelemetryController: Waiting for pending ping activity
          State: (none)
WARNING: Error: Phase "profile-before-change" is finished, it is too late to register completion condition "OS.File: flush I/O queued before profileBeforeChange"
WARNING: addBlocker@resource://gre/modules/AsyncShutdown.sys.mjs:727:15
addBlocker@resource://gre/modules/AsyncShutdown.sys.mjs:523:26
addBlocker@resource://gre/modules/AsyncShutdown.sys.mjs:458:15
setupShutdown@resource://gre/modules/osfile/osfile_async_front.jsm:1548:28
@resource://gre/modules/osfile/osfile_async_front.jsm:1568:16
@resource://gre/modules/osfile.jsm:12:30
@resource://gre/modules/TelemetryStorage.sys.mjs:10:28
_checkPendingPings@resource://gre/modules/TelemetrySend.sys.mjs:859:17
setup@resource://gre/modules/TelemetrySend.sys.mjs:799:18
setup@resource://gre/modules/TelemetrySend.sys.mjs:237:30
setupTelemetry/this._delayedInitTask<@resource://gre/modules/TelemetryControllerParent.sys.mjs:824:36
observe@resource://gre/modules/AsyncShutdown.sys.mjs:576:16

WARNING: A blocker encountered an error while we were waiting.
          Blocker:  TelemetryController: shutting down
          Phase: profile-before-change-telemetry
          State: Error getting state: Error: Phase "profile-before-change" is finished, it is too late to register completion condition "OS.File: flush I/O queued before profileBeforeChange" at addBlocker@resource://gre/modules/AsyncShutdown.sys.mjs:727:15
addBlocker@resource://gre/modules/AsyncShutdown.sys.mjs:523:26
addBlocker@resource://gre/modules/AsyncShutdown.sys.mjs:458:15
setupShutdown@resource://gre/modules/osfile/osfile_async_front.jsm:1548:28
@resource://gre/modules/osfile/osfile_async_front.jsm:1568:16
@resource://gre/modules/osfile.jsm:12:30
@resource://gre/modules/TelemetryStorage.sys.mjs:10:28
_checkPendingPings@resource://gre/modules/TelemetrySend.sys.mjs:859:17
setup@resource://gre/modules/TelemetrySend.sys.mjs:799:18
setup@resource://gre/modules/TelemetrySend.sys.mjs:237:30
setupTelemetry/this._delayedInitTask<@resource://gre/modules/TelemetryControllerParent.sys.mjs:824:36
observe@resource://gre/modules/AsyncShutdown.sys.mjs:576:16

WARNING: Error: Phase "profile-before-change" is finished, it is too late to register completion condition "OS.File: flush I/O queued before profileBeforeChange"
WARNING: addBlocker@resource://gre/modules/AsyncShutdown.sys.mjs:727:15
addBlocker@resource://gre/modules/AsyncShutdown.sys.mjs:523:26
addBlocker@resource://gre/modules/AsyncShutdown.sys.mjs:458:15
setupShutdown@resource://gre/modules/osfile/osfile_async_front.jsm:1548:28
@resource://gre/modules/osfile/osfile_async_front.jsm:1568:16
@resource://gre/modules/osfile.jsm:12:30
@resource://gre/modules/TelemetryStorage.sys.mjs:10:28
_checkPendingPings@resource://gre/modules/TelemetrySend.sys.mjs:859:17
setup@resource://gre/modules/TelemetrySend.sys.mjs:799:18
setup@resource://gre/modules/TelemetrySend.sys.mjs:237:30
setupTelemetry/this._delayedInitTask<@resource://gre/modules/TelemetryControllerParent.sys.mjs:824:36
observe@resource://gre/modules/AsyncShutdown.sys.mjs:576:16

JavaScript error: resource://gre/modules/AsyncShutdown.sys.mjs, line 727: Error: Phase "profile-before-change" is finished, it is too late to register completion condition "OS.File: flush I/O queued before profileBeforeChange"
JavaScript error: resource://gre/modules/AsyncShutdown.sys.mjs, line 727: Error: Phase "profile-before-change" is finished, it is too late to register completion condition "OS.File: flush I/O queued before profileBeforeChange"
JavaScript error: resource://gre/modules/AsyncShutdown.sys.mjs, line 727: Error: Phase "profile-before-change" is finished, it is too late to register completion condition "OS.File: flush I/O queued before profileBeforeChange"
JavaScript error: resource://gre/modules/AsyncShutdown.sys.mjs, line 727: Error: Phase "profile-before-change" is finished, it is too late to register completion condition "OS.File: flush I/O queued before profileBeforeChange"
JavaScript error: resource://gre/modules/AsyncShutdown.sys.mjs, line 727: Error: Phase "profile-before-change" is finished, it is too late to register completion condition "OS.File: flush I/O queued before profileBeforeChange"
JavaScript error: resource://gre/modules/AsyncShutdown.sys.mjs, line 727: Error: Phase "profile-before-change" is finished, it is too late to register completion condition "OS.File: flush I/O queued before profileBeforeChange"
1682790076085	geckodriver	INFO	Listening on 127.0.0.1:51442
1682790079093	mozrunner::runner	INFO	Running command: "C:\\Program Files\\Firefox Developer Edition\\firefox.exe" "--marionette" "--no-sandbox" "--disable-dev-shm ... " "--remote-allow-hosts" "localhost" "-no-remote" "-profile" "C:\\Users\\arafat\\AppData\\Local\\Temp\\rust_mozprofilewx2u2F"
console.warn: services.settings: Ignoring preference override of remote settings server
console.warn: services.settings: Allow by setting MOZ_REMOTE_SETTINGS_DEVTOOLS=1 in the environment
1682790079358	Marionette	INFO	Marionette enabled
Dynamically enable window occlusion 0
1682790079361	Marionette	INFO	Listening on port 51450
console.error: "Warning: unrecognized command line flag -no-sandbox\n"
console.error: "Warning: unrecognized command line flag -ignore-certificate-errors\n"
console.error: "Warning: unrecognized command line flag -log-level\n"
console.error: "Warning: unrecognized command line flag -disable-notifications\n"
Read port: 51450
WebDriver BiDi listening on ws://127.0.0.1:51443
1682790079460	RemoteAgent	WARN	TLS certificate errors will be ignored for this session
[ERROR glean_core] Error setting metrics feature config: Json(Error("EOF while parsing a value", line: 1, column: 0))
DevTools listening on ws://127.0.0.1:51443/devtools/browser/59a733f1-b0df-40e6-bd6d-449630af8792
JavaScript warning: https://static.xx.fbcdn.net/rsrc.php/v3iX3c4/yi/l/en_GB/-Bu40sFsRhI.js?_nc_x=Ij3Wp8lg5Kz, line 20: WEBGL_debug_renderer_info is deprecated in Firefox and will be removed. Please use RENDERER.
